This is pdfTeX, Version 3.141592653-2.6-1.40.25 (TeX Live 2023/Debian) (preloaded format=pdflatex 2024.11.29)  2 DEC 2024 02:28
entering extended mode
 restricted \write18 enabled.
 %&-line parsing enabled.
**./flumen_ru.tex
(./flumen_ru.tex
LaTeX2e <2023-11-01> patch level 1
L3 programming layer <2024-01-22>
(/usr/share/texlive/texmf-dist/tex/latex/base/article.cls
Document Class: article 2023/05/17 v1.4n Standard LaTeX document class
(/usr/share/texlive/texmf-dist/tex/latex/base/size10.clo
File: size10.clo 2023/05/17 v1.4n Standard LaTeX file (size option)
)
\c@part=\count187
\c@section=\count188
\c@subsection=\count189
\c@subsubsection=\count190
\c@paragraph=\count191
\c@subparagraph=\count192
\c@figure=\count193
\c@table=\count194
\abovecaptionskip=\skip48
\belowcaptionskip=\skip49
\bibindent=\dimen140
)
(/usr/share/texlive/texmf-dist/tex/latex/base/fontenc.sty
Package: fontenc 2021/04/29 v2.0v Standard LaTeX package

(/usr/share/texlive/texmf-dist/tex/latex/cyrillic/t2aenc.def
File: t2aenc.def 2022/06/11 v1.0j Cyrillic encoding definition file
Now handling font encoding T2A ...
... processing UTF-8 mapping file for font encoding T2A

(/usr/share/texlive/texmf-dist/tex/latex/base/t2aenc.dfu
File: t2aenc.dfu 2022/06/07 v1.3c UTF-8 support
   defining Unicode char U+00A4 (decimal 164)
   defining Unicode char U+00A7 (decimal 167)
   defining Unicode char U+00AB (decimal 171)
   defining Unicode char U+00BB (decimal 187)
   defining Unicode char U+0131 (decimal 305)
   defining Unicode char U+0237 (decimal 567)
   defining Unicode char U+0400 (decimal 1024)
   defining Unicode char U+0401 (decimal 1025)
   defining Unicode char U+0402 (decimal 1026)
   defining Unicode char U+0403 (decimal 1027)
   defining Unicode char U+0404 (decimal 1028)
   defining Unicode char U+0405 (decimal 1029)
   defining Unicode char U+0406 (decimal 1030)
   defining Unicode char U+0407 (decimal 1031)
   defining Unicode char U+0408 (decimal 1032)
   defining Unicode char U+0409 (decimal 1033)
   defining Unicode char U+040A (decimal 1034)
   defining Unicode char U+040B (decimal 1035)
   defining Unicode char U+040C (decimal 1036)
   defining Unicode char U+040D (decimal 1037)
   defining Unicode char U+040E (decimal 1038)
   defining Unicode char U+040F (decimal 1039)
   defining Unicode char U+0410 (decimal 1040)
   defining Unicode char U+0411 (decimal 1041)
   defining Unicode char U+0412 (decimal 1042)
   defining Unicode char U+0413 (decimal 1043)
   defining Unicode char U+0414 (decimal 1044)
   defining Unicode char U+0415 (decimal 1045)
   defining Unicode char U+0416 (decimal 1046)
   defining Unicode char U+0417 (decimal 1047)
   defining Unicode char U+0418 (decimal 1048)
   defining Unicode char U+0419 (decimal 1049)
   defining Unicode char U+041A (decimal 1050)
   defining Unicode char U+041B (decimal 1051)
   defining Unicode char U+041C (decimal 1052)
   defining Unicode char U+041D (decimal 1053)
   defining Unicode char U+041E (decimal 1054)
   defining Unicode char U+041F (decimal 1055)
   defining Unicode char U+0420 (decimal 1056)
   defining Unicode char U+0421 (decimal 1057)
   defining Unicode char U+0422 (decimal 1058)
   defining Unicode char U+0423 (decimal 1059)
   defining Unicode char U+0424 (decimal 1060)
   defining Unicode char U+0425 (decimal 1061)
   defining Unicode char U+0426 (decimal 1062)
   defining Unicode char U+0427 (decimal 1063)
   defining Unicode char U+0428 (decimal 1064)
   defining Unicode char U+0429 (decimal 1065)
   defining Unicode char U+042A (decimal 1066)
   defining Unicode char U+042B (decimal 1067)
   defining Unicode char U+042C (decimal 1068)
   defining Unicode char U+042D (decimal 1069)
   defining Unicode char U+042E (decimal 1070)
   defining Unicode char U+042F (decimal 1071)
   defining Unicode char U+0430 (decimal 1072)
   defining Unicode char U+0431 (decimal 1073)
   defining Unicode char U+0432 (decimal 1074)
   defining Unicode char U+0433 (decimal 1075)
   defining Unicode char U+0434 (decimal 1076)
   defining Unicode char U+0435 (decimal 1077)
   defining Unicode char U+0436 (decimal 1078)
   defining Unicode char U+0437 (decimal 1079)
   defining Unicode char U+0438 (decimal 1080)
   defining Unicode char U+0439 (decimal 1081)
   defining Unicode char U+043A (decimal 1082)
   defining Unicode char U+043B (decimal 1083)
   defining Unicode char U+043C (decimal 1084)
   defining Unicode char U+043D (decimal 1085)
   defining Unicode char U+043E (decimal 1086)
   defining Unicode char U+043F (decimal 1087)
   defining Unicode char U+0440 (decimal 1088)
   defining Unicode char U+0441 (decimal 1089)
   defining Unicode char U+0442 (decimal 1090)
   defining Unicode char U+0443 (decimal 1091)
   defining Unicode char U+0444 (decimal 1092)
   defining Unicode char U+0445 (decimal 1093)
   defining Unicode char U+0446 (decimal 1094)
   defining Unicode char U+0447 (decimal 1095)
   defining Unicode char U+0448 (decimal 1096)
   defining Unicode char U+0449 (decimal 1097)
   defining Unicode char U+044A (decimal 1098)
   defining Unicode char U+044B (decimal 1099)
   defining Unicode char U+044C (decimal 1100)
   defining Unicode char U+044D (decimal 1101)
   defining Unicode char U+044E (decimal 1102)
   defining Unicode char U+044F (decimal 1103)
   defining Unicode char U+0450 (decimal 1104)
   defining Unicode char U+0451 (decimal 1105)
   defining Unicode char U+0452 (decimal 1106)
   defining Unicode char U+0453 (decimal 1107)
   defining Unicode char U+0454 (decimal 1108)
   defining Unicode char U+0455 (decimal 1109)
   defining Unicode char U+0456 (decimal 1110)
   defining Unicode char U+0457 (decimal 1111)
   defining Unicode char U+0458 (decimal 1112)
   defining Unicode char U+0459 (decimal 1113)
   defining Unicode char U+045A (decimal 1114)
   defining Unicode char U+045B (decimal 1115)
   defining Unicode char U+045C (decimal 1116)
   defining Unicode char U+045D (decimal 1117)
   defining Unicode char U+045E (decimal 1118)
   defining Unicode char U+045F (decimal 1119)
   defining Unicode char U+0490 (decimal 1168)
   defining Unicode char U+0491 (decimal 1169)
   defining Unicode char U+0492 (decimal 1170)
   defining Unicode char U+0493 (decimal 1171)
   defining Unicode char U+0496 (decimal 1174)
   defining Unicode char U+0497 (decimal 1175)
   defining Unicode char U+0498 (decimal 1176)
   defining Unicode char U+0499 (decimal 1177)
   defining Unicode char U+049A (decimal 1178)
   defining Unicode char U+049B (decimal 1179)
   defining Unicode char U+049C (decimal 1180)
   defining Unicode char U+049D (decimal 1181)
   defining Unicode char U+04A0 (decimal 1184)
   defining Unicode char U+04A1 (decimal 1185)
   defining Unicode char U+04A2 (decimal 1186)
   defining Unicode char U+04A3 (decimal 1187)
   defining Unicode char U+04A4 (decimal 1188)
   defining Unicode char U+04A5 (decimal 1189)
   defining Unicode char U+04AA (decimal 1194)
   defining Unicode char U+04AB (decimal 1195)
   defining Unicode char U+04AE (decimal 1198)
   defining Unicode char U+04AF (decimal 1199)
   defining Unicode char U+04B0 (decimal 1200)
   defining Unicode char U+04B1 (decimal 1201)
   defining Unicode char U+04B2 (decimal 1202)
   defining Unicode char U+04B3 (decimal 1203)
   defining Unicode char U+04B6 (decimal 1206)
   defining Unicode char U+04B7 (decimal 1207)
   defining Unicode char U+04B8 (decimal 1208)
   defining Unicode char U+04B9 (decimal 1209)
   defining Unicode char U+04BA (decimal 1210)
   defining Unicode char U+04BB (decimal 1211)
   defining Unicode char U+04C0 (decimal 1216)
   defining Unicode char U+04C1 (decimal 1217)
   defining Unicode char U+04C2 (decimal 1218)
   defining Unicode char U+04D0 (decimal 1232)
   defining Unicode char U+04D1 (decimal 1233)
   defining Unicode char U+04D2 (decimal 1234)
   defining Unicode char U+04D3 (decimal 1235)
   defining Unicode char U+04D4 (decimal 1236)
   defining Unicode char U+04D5 (decimal 1237)
   defining Unicode char U+04D6 (decimal 1238)
   defining Unicode char U+04D7 (decimal 1239)
   defining Unicode char U+04D8 (decimal 1240)
   defining Unicode char U+04D9 (decimal 1241)
   defining Unicode char U+04DA (decimal 1242)
   defining Unicode char U+04DB (decimal 1243)
   defining Unicode char U+04DC (decimal 1244)
   defining Unicode char U+04DD (decimal 1245)
   defining Unicode char U+04DE (decimal 1246)
   defining Unicode char U+04DF (decimal 1247)
   defining Unicode char U+04E2 (decimal 1250)
   defining Unicode char U+04E3 (decimal 1251)
   defining Unicode char U+04E4 (decimal 1252)
   defining Unicode char U+04E5 (decimal 1253)
   defining Unicode char U+04E6 (decimal 1254)
   defining Unicode char U+04E7 (decimal 1255)
   defining Unicode char U+04E8 (decimal 1256)
   defining Unicode char U+04E9 (decimal 1257)
   defining Unicode char U+04EC (decimal 1260)
   defining Unicode char U+04ED (decimal 1261)
   defining Unicode char U+04EE (decimal 1262)
   defining Unicode char U+04EF (decimal 1263)
   defining Unicode char U+04F0 (decimal 1264)
   defining Unicode char U+04F1 (decimal 1265)
   defining Unicode char U+04F2 (decimal 1266)
   defining Unicode char U+04F3 (decimal 1267)
   defining Unicode char U+04F4 (decimal 1268)
   defining Unicode char U+04F5 (decimal 1269)
   defining Unicode char U+04F8 (decimal 1272)
   defining Unicode char U+04F9 (decimal 1273)
   defining Unicode char U+200C (decimal 8204)
   defining Unicode char U+2013 (decimal 8211)
   defining Unicode char U+2014 (decimal 8212)
   defining Unicode char U+2018 (decimal 8216)
   defining Unicode char U+2019 (decimal 8217)
   defining Unicode char U+201C (decimal 8220)
   defining Unicode char U+201D (decimal 8221)
   defining Unicode char U+201E (decimal 8222)
   defining Unicode char U+2030 (decimal 8240)
   defining Unicode char U+2031 (decimal 8241)
   defining Unicode char U+2116 (decimal 8470)
   defining Unicode char U+2329 (decimal 9001)
   defining Unicode char U+3008 (decimal 12296)
   defining Unicode char U+232A (decimal 9002)
   defining Unicode char U+3009 (decimal 12297)
   defining Unicode char U+2423 (decimal 9251)
   defining Unicode char U+27E8 (decimal 10216)
   defining Unicode char U+27E9 (decimal 10217)
   defining Unicode char U+FB00 (decimal 64256)
   defining Unicode char U+FB01 (decimal 64257)
   defining Unicode char U+FB02 (decimal 64258)
   defining Unicode char U+FB03 (decimal 64259)
   defining Unicode char U+FB04 (decimal 64260)
   defining Unicode char U+FB05 (decimal 64261)
   defining Unicode char U+FB06 (decimal 64262)
))
LaTeX Font Info:    Trying to load font information for T2A+cmr on input line 1
12.

(/usr/share/texlive/texmf-dist/tex/latex/cyrillic/t2acmr.fd
File: t2acmr.fd 2001/08/11 v1.0a Computer Modern Cyrillic font definitions
))
(/usr/share/texlive/texmf-dist/tex/latex/base/inputenc.sty
Package: inputenc 2021/02/14 v1.3d Input encoding file
\inpenc@prehook=\toks17
\inpenc@posthook=\toks18
)
(/usr/share/texlive/texmf-dist/tex/latex/amsmath/amsmath.sty
Package: amsmath 2023/05/13 v2.17o AMS math features
\@mathmargin=\skip50

For additional information on amsmath, use the `?' option.
(/usr/share/texlive/texmf-dist/tex/latex/amsmath/amstext.sty
Package: amstext 2021/08/26 v2.01 AMS text

(/usr/share/texlive/texmf-dist/tex/latex/amsmath/amsgen.sty
File: amsgen.sty 1999/11/30 v2.0 generic functions
\@emptytoks=\toks19
\ex@=\dimen141
))
(/usr/share/texlive/texmf-dist/tex/latex/amsmath/amsbsy.sty
Package: amsbsy 1999/11/29 v1.2d Bold Symbols
\pmbraise@=\dimen142
)
(/usr/share/texlive/texmf-dist/tex/latex/amsmath/amsopn.sty
Package: amsopn 2022/04/08 v2.04 operator names
)
\inf@bad=\count195
LaTeX Info: Redefining \frac on input line 234.
\uproot@=\count196
\leftroot@=\count197
LaTeX Info: Redefining \overline on input line 399.
LaTeX Info: Redefining \colon on input line 410.
\classnum@=\count198
\DOTSCASE@=\count199
LaTeX Info: Redefining \ldots on input line 496.
LaTeX Info: Redefining \dots on input line 499.
LaTeX Info: Redefining \cdots on input line 620.
\Mathstrutbox@=\box51
\strutbox@=\box52
LaTeX Info: Redefining \big on input line 722.
LaTeX Info: Redefining \Big on input line 723.
LaTeX Info: Redefining \bigg on input line 724.
LaTeX Info: Redefining \Bigg on input line 725.
\big@size=\dimen143
LaTeX Font Info:    Redeclaring font encoding OML on input line 743.
LaTeX Font Info:    Redeclaring font encoding OMS on input line 744.
\macc@depth=\count266
LaTeX Info: Redefining \bmod on input line 905.
LaTeX Info: Redefining \pmod on input line 910.
LaTeX Info: Redefining \smash on input line 940.
LaTeX Info: Redefining \relbar on input line 970.
LaTeX Info: Redefining \Relbar on input line 971.
\c@MaxMatrixCols=\count267
\dotsspace@=\muskip16
\c@parentequation=\count268
\dspbrk@lvl=\count269
\tag@help=\toks20
\row@=\count270
\column@=\count271
\maxfields@=\count272
\andhelp@=\toks21
\eqnshift@=\dimen144
\alignsep@=\dimen145
\tagshift@=\dimen146
\tagwidth@=\dimen147
\totwidth@=\dimen148
\lineht@=\dimen149
\@envbody=\toks22
\multlinegap=\skip51
\multlinetaggap=\skip52
\mathdisplay@stack=\toks23
LaTeX Info: Redefining \[ on input line 2953.
LaTeX Info: Redefining \] on input line 2954.
)
(/usr/share/texlive/texmf-dist/tex/latex/amsfonts/amssymb.sty
Package: amssymb 2013/01/14 v3.01 AMS font symbols

(/usr/share/texlive/texmf-dist/tex/latex/amsfonts/amsfonts.sty
Package: amsfonts 2013/01/14 v3.01 Basic AMSFonts support
\symAMSa=\mathgroup4
\symAMSb=\mathgroup5
LaTeX Font Info:    Redeclaring math symbol \hbar on input line 98.
LaTeX Font Info:    Overwriting math alphabet `\mathfrak' in version `bold'
(Font)                  U/euf/m/n --> U/euf/b/n on input line 106.
))
(/usr/share/texlive/texmf-dist/tex/latex/graphics/graphicx.sty
Package: graphicx 2021/09/16 v1.2d Enhanced LaTeX Graphics (DPC,SPQR)

(/usr/share/texlive/texmf-dist/tex/latex/graphics/keyval.sty
Package: keyval 2022/05/29 v1.15 key=value parser (DPC)
\KV@toks@=\toks24
)
(/usr/share/texlive/texmf-dist/tex/latex/graphics/graphics.sty
Package: graphics 2022/03/10 v1.4e Standard LaTeX Graphics (DPC,SPQR)

(/usr/share/texlive/texmf-dist/tex/latex/graphics/trig.sty
Package: trig 2021/08/11 v1.11 sin cos tan (DPC)
)
(/usr/share/texlive/texmf-dist/tex/latex/graphics-cfg/graphics.cfg
File: graphics.cfg 2016/06/04 v1.11 sample graphics configuration
)
Package graphics Info: Driver file: pdftex.def on input line 107.

(/usr/share/texlive/texmf-dist/tex/latex/graphics-def/pdftex.def
File: pdftex.def 2022/09/22 v1.2b Graphics/color driver for pdftex
))
\Gin@req@height=\dimen150
\Gin@req@width=\dimen151
)
(/usr/share/texlive/texmf-dist/tex/latex/hyperref/hyperref.sty
Package: hyperref 2024-01-20 v7.01h Hypertext links for LaTeX

(/usr/share/texlive/texmf-dist/tex/generic/iftex/iftex.sty
Package: iftex 2022/02/03 v1.0f TeX engine tests
)
(/usr/share/texlive/texmf-dist/tex/latex/kvsetkeys/kvsetkeys.sty
Package: kvsetkeys 2022-10-05 v1.19 Key value parser (HO)
)
(/usr/share/texlive/texmf-dist/tex/generic/kvdefinekeys/kvdefinekeys.sty
Package: kvdefinekeys 2019-12-19 v1.6 Define keys (HO)
)
(/usr/share/texlive/texmf-dist/tex/generic/pdfescape/pdfescape.sty
Package: pdfescape 2019/12/09 v1.15 Implements pdfTeX's escape features (HO)

(/usr/share/texlive/texmf-dist/tex/generic/ltxcmds/ltxcmds.sty
Package: ltxcmds 2023-12-04 v1.26 LaTeX kernel commands for general use (HO)
)
(/usr/share/texlive/texmf-dist/tex/generic/pdftexcmds/pdftexcmds.sty
Package: pdftexcmds 2020-06-27 v0.33 Utility functions of pdfTeX for LuaTeX (HO
)

(/usr/share/texlive/texmf-dist/tex/generic/infwarerr/infwarerr.sty
Package: infwarerr 2019/12/03 v1.5 Providing info/warning/error messages (HO)
)
Package pdftexcmds Info: \pdf@primitive is available.
Package pdftexcmds Info: \pdf@ifprimitive is available.
Package pdftexcmds Info: \pdfdraftmode found.
))
(/usr/share/texlive/texmf-dist/tex/latex/hycolor/hycolor.sty
Package: hycolor 2020-01-27 v1.10 Color options for hyperref/bookmark (HO)
)
(/usr/share/texlive/texmf-dist/tex/latex/auxhook/auxhook.sty
Package: auxhook 2019-12-17 v1.6 Hooks for auxiliary files (HO)
)
(/usr/share/texlive/texmf-dist/tex/latex/hyperref/nameref.sty
Package: nameref 2023-11-26 v2.56 Cross-referencing by name of section

(/usr/share/texlive/texmf-dist/tex/latex/refcount/refcount.sty
Package: refcount 2019/12/15 v3.6 Data extraction from label references (HO)
)
(/usr/share/texlive/texmf-dist/tex/generic/gettitlestring/gettitlestring.sty
Package: gettitlestring 2019/12/15 v1.6 Cleanup title references (HO)

(/usr/share/texlive/texmf-dist/tex/latex/kvoptions/kvoptions.sty
Package: kvoptions 2022-06-15 v3.15 Key value format for package options (HO)
))
\c@section@level=\count273
)
(/usr/share/texlive/texmf-dist/tex/latex/etoolbox/etoolbox.sty
Package: etoolbox 2020/10/05 v2.5k e-TeX tools for LaTeX (JAW)
\etb@tempcnta=\count274
)
\@linkdim=\dimen152
\Hy@linkcounter=\count275
\Hy@pagecounter=\count276

(/usr/share/texlive/texmf-dist/tex/latex/hyperref/pd1enc.def
File: pd1enc.def 2024-01-20 v7.01h Hyperref: PDFDocEncoding definition (HO)
Now handling font encoding PD1 ...
... no UTF-8 mapping file for font encoding PD1
)
(/usr/share/texlive/texmf-dist/tex/generic/intcalc/intcalc.sty
Package: intcalc 2019/12/15 v1.3 Expandable calculations with integers (HO)
)
\Hy@SavedSpaceFactor=\count277

(/usr/share/texlive/texmf-dist/tex/latex/hyperref/puenc.def
File: puenc.def 2024-01-20 v7.01h Hyperref: PDF Unicode definition (HO)
Now handling font encoding PU ...
... no UTF-8 mapping file for font encoding PU
)
Package hyperref Info: Option `final' set `true' on input line 4062.
Package hyperref Info: Hyper figures OFF on input line 4179.
Package hyperref Info: Link nesting OFF on input line 4184.
Package hyperref Info: Hyper index ON on input line 4187.
Package hyperref Info: Plain pages OFF on input line 4194.
Package hyperref Info: Backreferencing OFF on input line 4199.
Package hyperref Info: Implicit mode ON; LaTeX internals redefined.
Package hyperref Info: Bookmarks ON on input line 4446.
\c@Hy@tempcnt=\count278

(/usr/share/texlive/texmf-dist/tex/latex/url/url.sty
\Urlmuskip=\muskip17
Package: url 2013/09/16  ver 3.4  Verb mode for urls, etc.
)
LaTeX Info: Redefining \url on input line 4784.
\XeTeXLinkMargin=\dimen153

(/usr/share/texlive/texmf-dist/tex/generic/bitset/bitset.sty
Package: bitset 2019/12/09 v1.3 Handle bit-vector datatype (HO)

(/usr/share/texlive/texmf-dist/tex/generic/bigintcalc/bigintcalc.sty
Package: bigintcalc 2019/12/15 v1.5 Expandable calculations on big integers (HO
)
))
\Fld@menulength=\count279
\Field@Width=\dimen154
\Fld@charsize=\dimen155
Package hyperref Info: Hyper figures OFF on input line 6063.
Package hyperref Info: Link nesting OFF on input line 6068.
Package hyperref Info: Hyper index ON on input line 6071.
Package hyperref Info: backreferencing OFF on input line 6078.
Package hyperref Info: Link coloring OFF on input line 6083.
Package hyperref Info: Link coloring with OCG OFF on input line 6088.
Package hyperref Info: PDF/A mode OFF on input line 6093.

(/usr/share/texlive/texmf-dist/tex/latex/base/atbegshi-ltx.sty
Package: atbegshi-ltx 2021/01/10 v1.0c Emulation of the original atbegshi
package with kernel methods
)
\Hy@abspage=\count280
\c@Item=\count281
\c@Hfootnote=\count282
)
Package hyperref Info: Driver (autodetected): hpdftex.

(/usr/share/texlive/texmf-dist/tex/latex/hyperref/hpdftex.def
File: hpdftex.def 2024-01-20 v7.01h Hyperref driver for pdfTeX

(/usr/share/texlive/texmf-dist/tex/latex/base/atveryend-ltx.sty
Package: atveryend-ltx 2020/08/19 v1.0a Emulation of the original atveryend pac
kage
with kernel methods
)
\Fld@listcount=\count283
\c@bookmark@seq@number=\count284

(/usr/share/texlive/texmf-dist/tex/latex/rerunfilecheck/rerunfilecheck.sty
Package: rerunfilecheck 2022-07-10 v1.10 Rerun checks for auxiliary files (HO)

(/usr/share/texlive/texmf-dist/tex/generic/uniquecounter/uniquecounter.sty
Package: uniquecounter 2019/12/15 v1.4 Provide unlimited unique counter (HO)
)
Package uniquecounter Info: New unique counter `rerunfilecheck' on input line 2
85.
)
\Hy@SectionHShift=\skip53
)
(/usr/share/texlive/texmf-dist/tex/generic/ulem/ulem.sty
\UL@box=\box53
\UL@hyphenbox=\box54
\UL@skip=\skip54
\UL@hook=\toks25
\UL@height=\dimen156
\UL@pe=\count285
\UL@pixel=\dimen157
\ULC@box=\box55
Package: ulem 2019/11/18
\ULdepth=\dimen158
)
(/usr/share/texlive/texmf-dist/tex/latex/float/float.sty
Package: float 2001/11/08 v1.3d Float enhancements (AL)
\c@float@type=\count286
\float@exts=\toks26
\float@box=\box56
\@float@everytoks=\toks27
\@floatcapt=\box57
)
(/usr/share/texlive/texmf-dist/tex/latex/lastpage/lastpage.sty
Package: lastpage 2023/10/14 v2.0e lastpage: 2.09 or 2e? (HMM)

(/usr/share/texlive/texmf-dist/tex/latex/lastpage/lastpage2e.sty
Package: lastpage2e 2023/10/14 v2.0e Decide which 2e lastpage version to use (H
MM)

(/usr/share/texlive/texmf-dist/tex/latex/lastpage/lastpagemodern.sty
Package: lastpagemodern 2023-10-14 v2.0e Refers to last page's name (HMM; JPG)
\c@lastpagecount=\count287
) 
))
Package hyperref Info: Option `colorlinks' set `true' on input line 16.
 (/usr/share/texlive/texmf-dist/tex/latex/l3backend/l3backend-pdftex.def
File: l3backend-pdftex.def 2024-01-04 L3 backend support: PDF output (pdfTeX)
\l__color_backend_stack_int=\count288
\l__pdf_internal_box=\box58
)
(./flumen_ru.aux

LaTeX Warning: Label `fig:image' multiply defined.


LaTeX Warning: Label `fig:image' multiply defined.


LaTeX Warning: Label `fig:image' multiply defined.


LaTeX Warning: Label `fig:image' multiply defined.


LaTeX Warning: Label `fig:image' multiply defined.


LaTeX Warning: Label `fig:image' multiply defined.


LaTeX Warning: Label `fig:image' multiply defined.


LaTeX Warning: Label `fig:image' multiply defined.


LaTeX Warning: Label `fig:image' multiply defined.


LaTeX Warning: Label `fig:image' multiply defined.


LaTeX Warning: Label `fig:image' multiply defined.

)
\openout1 = `flumen_ru.aux'.

LaTeX Font Info:    Checking defaults for OML/cmm/m/it on input line 18.
LaTeX Font Info:    ... okay on input line 18.
LaTeX Font Info:    Checking defaults for OMS/cmsy/m/n on input line 18.
LaTeX Font Info:    ... okay on input line 18.
LaTeX Font Info:    Checking defaults for OT1/cmr/m/n on input line 18.
LaTeX Font Info:    ... okay on input line 18.
LaTeX Font Info:    Checking defaults for T1/cmr/m/n on input line 18.
LaTeX Font Info:    ... okay on input line 18.
LaTeX Font Info:    Checking defaults for TS1/cmr/m/n on input line 18.
LaTeX Font Info:    ... okay on input line 18.
LaTeX Font Info:    Checking defaults for OMX/cmex/m/n on input line 18.
LaTeX Font Info:    ... okay on input line 18.
LaTeX Font Info:    Checking defaults for U/cmr/m/n on input line 18.
LaTeX Font Info:    ... okay on input line 18.
LaTeX Font Info:    Checking defaults for T2A/cmr/m/n on input line 18.
LaTeX Font Info:    ... okay on input line 18.
LaTeX Font Info:    Checking defaults for PD1/pdf/m/n on input line 18.
LaTeX Font Info:    ... okay on input line 18.
LaTeX Font Info:    Checking defaults for PU/pdf/m/n on input line 18.
LaTeX Font Info:    ... okay on input line 18.
 (/usr/share/texlive/texmf-dist/tex/context/base/mkii/supp-pdf.mkii
[Loading MPS to PDF converter (version 2006.09.02).]
\scratchcounter=\count289
\scratchdimen=\dimen159
\scratchbox=\box59
\nofMPsegments=\count290
\nofMParguments=\count291
\everyMPshowfont=\toks28
\MPscratchCnt=\count292
\MPscratchDim=\dimen160
\MPnumerator=\count293
\makeMPintoPDFobject=\count294
\everyMPtoPDFconversion=\toks29
) (/usr/share/texlive/texmf-dist/tex/latex/epstopdf-pkg/epstopdf-base.sty
Package: epstopdf-base 2020-01-24 v2.11 Base part for package epstopdf
Package epstopdf-base Info: Redefining graphics rule for `.eps' on input line 4
85.

(/usr/share/texlive/texmf-dist/tex/latex/latexconfig/epstopdf-sys.cfg
File: epstopdf-sys.cfg 2010/07/13 v1.3 Configuration of (r)epstopdf for TeX Liv
e
))
(/usr/share/texlive/texmf-dist/tex/latex/graphics/color.sty
Package: color 2022/01/06 v1.3d Standard LaTeX Color (DPC)

(/usr/share/texlive/texmf-dist/tex/latex/graphics-cfg/color.cfg
File: color.cfg 2016/01/02 v1.6 sample color configuration
)
Package color Info: Driver file: pdftex.def on input line 149.

(/usr/share/texlive/texmf-dist/tex/latex/graphics/mathcolor.ltx))
Package hyperref Info: Link coloring ON on input line 18.

(./flumen_ru.out) (./flumen_ru.out)
\@outlinefile=\write3
\openout3 = `flumen_ru.out'.

LaTeX Font Info:    Trying to load font information for U+msa on input line 25.


(/usr/share/texlive/texmf-dist/tex/latex/amsfonts/umsa.fd
File: umsa.fd 2013/01/14 v3.01 AMS symbols A
)
LaTeX Font Info:    Trying to load font information for U+msb on input line 25.


(/usr/share/texlive/texmf-dist/tex/latex/amsfonts/umsb.fd
File: umsb.fd 2013/01/14 v3.01 AMS symbols B
) (./flumen_ru.toc)
\tf@toc=\write4
\openout4 = `flumen_ru.toc'.


Overfull \hbox (33.79639pt too wide) in paragraph at lines 29--33
\T2A/cmr/m/n/10 Статья описывает концепцию моделирования множества многомерных 
пространств
 []


Overfull \hbox (18.88336pt too wide) in paragraph at lines 29--33
\T2A/cmr/m/n/10 посредством абстрактных объектов, стремится описать многомерные
 структуры
 []


Overfull \hbox (36.37909pt too wide) in paragraph at lines 29--33
\T2A/cmr/m/n/10 с помощью минимального количества исходных элементов, исключая 
традиционные
 []

[1

{/var/lib/texmf/fonts/map/pdftex/updmap/pdftex.map}]
Overfull \hbox (34.71649pt too wide) in paragraph at lines 34--36
[]\T2A/cmr/m/n/10 Концепция основана на единственной абстракции ``Флюмен'', для
 моделирования
 []


Overfull \hbox (4.41156pt too wide) in paragraph at lines 41--47
\T2A/cmr/m/n/10 вершинами). Важно: флюмен как и вершина графа не имеет координа
т
 []


Overfull \hbox (14.36282pt too wide) in paragraph at lines 41--47
\T2A/cmr/m/n/10 и не принадлежит какому-либо пространству в традиционном понима
нии.
 []


Overfull \hbox (23.80496pt too wide) in paragraph at lines 51--54
[]\T2A/cmr/m/n/10 Специфическое наименованию введено для отделения восприятия Ф
люмена
 []


Overfull \hbox (9.36404pt too wide) in paragraph at lines 51--54
\T2A/cmr/m/n/10 как пространственного кванта от математического понятия ребра г
рафа. 
 []


Overfull \hbox (9.22519pt too wide) in paragraph at lines 66--68
[]\T2A/cmr/m/n/10 Внутренняя ориентированность: Направление флюмена имеет значе
ние,
 []


Overfull \hbox (1.44931pt too wide) in paragraph at lines 68--70
[]\T2A/cmr/m/n/10 Независимость от пространства: Флюмен не связан с фиксированн
ыми
 []


Overfull \hbox (0.5545pt too wide) in paragraph at lines 77--81
\T2A/cmr/m/n/10 с индивидуальными весовыми коэффициентами, что приведет к измен
ениям
 []


Overfull \hbox (28.01077pt too wide) in paragraph at lines 77--81
\T2A/cmr/m/n/10 в изложении материала. Однако в данной статье для упрощения рас
сматриваются
 []

[2]
Overfull \hbox (0.33234pt too wide) in paragraph at lines 114--121
\T2A/cmr/m/n/10 Внутренний наблюдатель воспринимает пространство через взаимоде
йствие
 []


Overfull \hbox (19.54062pt too wide) in paragraph at lines 114--121
\T2A/cmr/m/n/10 зрения. Для внутреннего наблюдателя флюмен является квантом про
странства.
 []


Overfull \hbox (26.38153pt too wide) in paragraph at lines 124--130
\T2A/cmr/m/n/10 Внешний наблюдатель воспринимает модель целиком, без ограничени
й координат
 []


Overfull \hbox (19.62393pt too wide) in paragraph at lines 124--130
\T2A/cmr/m/n/10 флюменов, без привязки к ее внутренним правилам. Для внешнего н
аблюдателя
 []


Overfull \hbox (3.29214pt too wide) in paragraph at lines 131--131
[]\T2A/cmr/bx/n/14.4 Одномерное ограниченное однонаправленное
 []


Overfull \hbox (34.9266pt too wide) in paragraph at lines 135--139
[]\T2A/cmr/m/n/10 Создадим первый флюмен $\OML/cmm/m/it/10 F\OT1/cmr/m/n/10 [\O
ML/cmm/m/it/10 f[]\OT1/cmr/m/n/10 ] = \OML/cmm/m/it/10 C\OT1/cmr/m/n/10 (\OML/c
mm/m/it/10 a; b\OT1/cmr/m/n/10 )$\T2A/cmr/m/n/10 , который формирует ограниченн
ое
 []


Overfull \hbox (19.82446pt too wide) in paragraph at lines 135--139
\T2A/cmr/m/n/10 одним квантом пространство. Для внутреннего наблюдателя простра
нство
 []

[3]
<./1d-f1.png, id=130, 501.875pt x 100.375pt>
File: ./1d-f1.png Graphic file (type png)
<use ./1d-f1.png>
Package pdftex.def Info: ./1d-f1.png  used on input line 142.
(pdftex.def)             Requested size: 345.0pt x 69.00304pt.

Overfull \hbox (19.3616pt too wide) in paragraph at lines 147--149
[]\T2A/cmr/m/n/10 Важно: Рисунки не следует воспринимать как координатные прост
ранства
 []


Overfull \hbox (20.69449pt too wide) in paragraph at lines 150--153
[]\T2A/cmr/m/n/10 Добавляем второй флюмен $\OML/cmm/m/it/10 f[] \OT1/cmr/m/n/10
 = \OML/cmm/m/it/10 C\OT1/cmr/m/n/10 (\OML/cmm/m/it/10 c; d\OT1/cmr/m/n/10 )$\T
2A/cmr/m/n/10 , который создает свое собственное
 []

<./1d-f1f2.png, id=132, 501.875pt x 100.375pt>
File: ./1d-f1f2.png Graphic file (type png)
<use ./1d-f1f2.png>
Package pdftex.def Info: ./1d-f1f2.png  used on input line 156.
(pdftex.def)             Requested size: 345.0pt x 69.00304pt.

Overfull \hbox (12.98843pt too wide) in paragraph at lines 161--168
[]\T2A/cmr/m/n/10 Добавляем флюмен $\OML/cmm/m/it/10 f[] \OT1/cmr/m/n/10 = \OML
/cmm/m/it/10 C\OT1/cmr/m/n/10 (\OML/cmm/m/it/10 b; c\OT1/cmr/m/n/10 )$\T2A/cmr/
m/n/10 . Теперь все три флюмена объединяются
 []


Overfull \hbox (2.82861pt too wide) in paragraph at lines 161--168
\T2A/cmr/m/n/10 в единое одномерное пространство, ограниченное тремя квантами. 
Для
 []


Overfull \hbox (11.72458pt too wide) in paragraph at lines 161--168
\T2A/cmr/m/n/10 внутреннего наблюдателя можно установить относительные координа
ты.
 []


Overfull \hbox (36.04585pt too wide) in paragraph at lines 161--168
\T2A/cmr/m/n/10 то $\OML/cmm/m/it/10 f[]$ \T2A/cmr/m/n/10 не существует для для
 $\OML/cmm/m/it/10 f[]$\T2A/cmr/m/n/10 , и еј координаты остаются неопределјнны
ми. 
 []

<./1d-f1f2f3.png, id=133, 501.875pt x 100.375pt>
File: ./1d-f1f2f3.png Graphic file (type png)
<use ./1d-f1f2f3.png>
Package pdftex.def Info: ./1d-f1f2f3.png  used on input line 171.
(pdftex.def)             Requested size: 345.0pt x 69.00304pt.
[4
pdfTeX warning (ext4): destination with the same identifier (name{figure.1}) ha
s been already used, duplicate ignored
<argument> ...shipout:D \box_use:N \l_shipout_box 
                                                  \__shipout_drop_firstpage_...
l.175 
      
pdfTeX warning (ext4): destination with the same identifier (name{figure.2}) ha
s been already used, duplicate ignored
<argument> ...shipout:D \box_use:N \l_shipout_box 
                                                  \__shipout_drop_firstpage_...
l.175 
       <./1d-f1.png> <./1d-f1f2.png>]
Overfull \hbox (10.47482pt too wide) in paragraph at lines 179--179
[]\T2A/cmr/bx/n/14.4 Одномерное многонаправленное пространство 
 []

<./1d-f1f2f3-bidir.png, id=145, 501.875pt x 100.375pt>
File: ./1d-f1f2f3-bidir.png Graphic file (type png)
<use ./1d-f1f2f3-bidir.png>
Package pdftex.def Info: ./1d-f1f2f3-bidir.png  used on input line 190.
(pdftex.def)             Requested size: 345.0pt x 69.00304pt.

Overfull \hbox (21.16672pt too wide) in paragraph at lines 195--199
[]\T2A/cmr/m/n/10 Флюмены создадут дополнительные направления в рамках существу
ющего
 []


Overfull \hbox (1.94919pt too wide) in paragraph at lines 195--199
\T2A/cmr/m/n/10 сможет осознавать пространство как многонаправленное, восприним
ая
 []


Overfull \hbox (27.35965pt too wide) in paragraph at lines 200--204
\T2A/cmr/m/n/10 положительными координатами, в зависимости от собственных форма
льных
 []


Overfull \hbox (13.41072pt too wide) in paragraph at lines 200--204
\T2A/cmr/m/n/10 правил. Так $\OML/cmm/m/it/10 f[]$ \T2A/cmr/m/n/10 будет иметь 
координату -1, а $\OML/cmm/m/it/10 f[]$ \T2A/cmr/m/n/10 будет иметь координату
 []


Overfull \hbox (11.99358pt too wide) in paragraph at lines 212--214
[]\T2A/cmr/m/n/10 Создадим заново флюмены $\OT1/cmr/m/n/10 [\OML/cmm/m/it/10 f[
]; f[]; f[]; f[]; f[]\OT1/cmr/m/n/10 ] = \OML/cmm/m/it/10 C\OT1/cmr/m/n/10 [(\O
ML/cmm/m/it/10 a; b; c; d; e\OT1/cmr/m/n/10 )\OML/cmm/m/it/10 ; \OT1/cmr/m/n/10
 (\OML/cmm/m/it/10 a; c\OT1/cmr/m/n/10 )]$\T2A/cmr/m/n/10 ; 
 []

<./2d-f1f2f3.png, id=146, 501.875pt x 150.5625pt>
File: ./2d-f1f2f3.png Graphic file (type png)
<use ./2d-f1f2f3.png>
Package pdftex.def Info: ./2d-f1f2f3.png  used on input line 217.
(pdftex.def)             Requested size: 345.0pt x 103.50456pt.
[5
pdfTeX warning (ext4): destination with the same identifier (name{figure.3}) ha
s been already used, duplicate ignored
<argument> ...shipout:D \box_use:N \l_shipout_box 
                                                  \__shipout_drop_firstpage_...
l.221 
      
pdfTeX warning (ext4): destination with the same identifier (name{figure.4}) ha
s been already used, duplicate ignored
<argument> ...shipout:D \box_use:N \l_shipout_box 
                                                  \__shipout_drop_firstpage_...
l.221 
       <./1d-f1f2f3.png> <./1d-f1f2f3-bidir.png>]
Overfull \hbox (5.64273pt too wide) in paragraph at lines 222--229
\T2A/cmr/m/n/10 одномерном пространстве, но допускается в двумерном, что и позв
оляет
 []


Overfull \hbox (6.91095pt too wide) in paragraph at lines 222--229
\T2A/cmr/m/n/10 его осознать. Внешний наблюдатель воспринимает только совокупно
сть
 []


Overfull \hbox (0.24591pt too wide) in paragraph at lines 222--229
\T2A/cmr/m/n/10 флюменов. Он не обязан интерпретировать структуру как двумерную
,
 []

<./2d-f1f2f3f4f5.png, id=160, 501.875pt x 150.5625pt>
File: ./2d-f1f2f3f4f5.png Graphic file (type png)
<use ./2d-f1f2f3f4f5.png>
Package pdftex.def Info: ./2d-f1f2f3f4f5.png  used on input line 242.
(pdftex.def)             Requested size: 345.0pt x 103.50456pt.

Overfull \hbox (8.66887pt too wide) in paragraph at lines 247--251
[]\T2A/cmr/m/n/10 Для внутреннего наблюдателя действие в пределах $\OML/cmm/m/i
t/10 f[]; f[]; f[]$ \T2A/cmr/m/n/10 остајтся
 []


Overfull \hbox (8.11435pt too wide) in paragraph at lines 252--254
[]\T2A/cmr/m/n/10 Такой подход позволяет описывать пространства с участками раз
личной
 []

[6
pdfTeX warning (ext4): destination with the same identifier (name{figure.5}) ha
s been already used, duplicate ignored
<argument> ...shipout:D \box_use:N \l_shipout_box 
                                                  \__shipout_drop_firstpage_...
l.255         \end{enumerate}
                             
pdfTeX warning (ext4): destination with the same identifier (name{figure.6}) ha
s been already used, duplicate ignored
<argument> ...shipout:D \box_use:N \l_shipout_box 
                                                  \__shipout_drop_firstpage_...
l.255         \end{enumerate}
                              <./2d-f1f2f3.png> <./2d-f1f2f3f4f5.png>]
Overfull \hbox (9.98442pt too wide) in paragraph at lines 259--259
[]\T2A/cmr/bx/n/14.4 Трехмерное пространство и иные размерности 
 []

<./3d-f1f2f3f4f5.png, id=173, 501.875pt x 150.5625pt>
File: ./3d-f1f2f3f4f5.png Graphic file (type png)
<use ./3d-f1f2f3f4f5.png>
Package pdftex.def Info: ./3d-f1f2f3f4f5.png  used on input line 266.
(pdftex.def)             Requested size: 345.0pt x 103.50456pt.

Overfull \hbox (18.52737pt too wide) in paragraph at lines 271--278
[]\T2A/cmr/m/n/10 С точки зрения Внешнего наблюдателя топология двух выше приве
денных
 []


Overfull \hbox (8.19766pt too wide) in paragraph at lines 271--278
\T2A/cmr/m/n/10 идентичны, и каждый будет восприниматься Внутренним наблюдателе
м
 []


Overfull \hbox (23.99011pt too wide) in paragraph at lines 271--278
\T2A/cmr/m/n/10 как единичная мера пространства. При изучении пространства Внут
ренний
 []


Overfull \hbox (49.81714pt too wide) in paragraph at lines 271--278
\T2A/cmr/m/n/10 наблюдатель будет вынужден признать пространство трехмерным. Со
ответсвнно
 []


Overfull \hbox (24.11044pt too wide) in paragraph at lines 279--281
[]\T2A/cmr/m/n/10 Для более высоких размерностей, например, четырехмерного прос
транства,
 []

<./4d.png, id=174, 501.875pt x 150.5625pt>
File: ./4d.png Graphic file (type png)
<use ./4d.png>
Package pdftex.def Info: ./4d.png  used on input line 284.
(pdftex.def)             Requested size: 345.0pt x 103.50456pt.

Overfull \hbox (8.53091pt too wide) in paragraph at lines 296--298
[]\T2A/cmr/m/n/10 Создадим для внутреннего наблюдателья двумерное пространство 
иным
 []

<./2d-f1f2f3-loop.png, id=175, 501.875pt x 150.5625pt>
File: ./2d-f1f2f3-loop.png Graphic file (type png)
<use ./2d-f1f2f3-loop.png>
Package pdftex.def Info: ./2d-f1f2f3-loop.png  used on input line 301.
(pdftex.def)             Requested size: 345.0pt x 103.50456pt.
[7
pdfTeX warning (ext4): destination with the same identifier (name{figure.7}) ha
s been already used, duplicate ignored
<argument> ...shipout:D \box_use:N \l_shipout_box 
                                                  \__shipout_drop_firstpage_...
l.304             \end{figure}
                              
pdfTeX warning (ext4): destination with the same identifier (name{figure.8}) ha
s been already used, duplicate ignored
<argument> ...shipout:D \box_use:N \l_shipout_box 
                                                  \__shipout_drop_firstpage_...
l.304             \end{figure}
                               <./3d-f1f2f3f4f5.png> <./4d.png>]
Overfull \hbox (29.84666pt too wide) in paragraph at lines 306--309
[]$\OML/cmm/m/it/10 f[]; f[]; f[]$ \T2A/cmr/m/n/10 формируют для Внутреннего на
блюдателя замкнутое бесшовное
 []


Overfull \hbox (2.46759pt too wide) in paragraph at lines 306--309
\T2A/cmr/m/n/10 одномерное пространство. Внутренний наблюдатель может бесконечн
о
 []


Overfull \hbox (7.7811pt too wide) in paragraph at lines 310--312
[]\T2A/cmr/m/n/10 При этом внешний надблюдатель, может интепритировать перемеще
ния
 []


Overfull \hbox (5.1984pt too wide) in paragraph at lines 313--316
[]\T2A/cmr/m/n/10 Аналогичным образом можно получить замкнутые пространства люб
ой
 []


Overfull \hbox (13.05145pt too wide) in paragraph at lines 323--326
\T2A/cmr/m/n/10 Под артефактами далее понимаем появление закономерностей, отсут
ствующих
 []


Overfull \hbox (29.12161pt too wide) in paragraph at lines 323--326
\T2A/cmr/m/n/10 в исходных данных. Приведенные примеры лишь небольшая часть спе
цифических
 []

<./wormhole.png, id=189, 501.875pt x 130.4875pt>
File: ./wormhole.png Graphic file (type png)
<use ./wormhole.png>
Package pdftex.def Info: ./wormhole.png  used on input line 339.
(pdftex.def)             Requested size: 345.0pt x 89.70395pt.
[8
pdfTeX warning (ext4): destination with the same identifier (name{figure.9}) ha
s been already used, duplicate ignored
<argument> ...shipout:D \box_use:N \l_shipout_box 
                                                  \__shipout_drop_firstpage_...
l.343 
       <./2d-f1f2f3-loop.png>]
Overfull \hbox (32.57466pt too wide) in paragraph at lines 344--347
[]\T2A/cmr/m/n/10 Одномерное пространство, представленное флюменами $\OML/cmm/m
/it/10 f[]; f[]; f[]; f[]; f[]$\T2A/cmr/m/n/10 ,
 []


Overfull \hbox (6.58694pt too wide) in paragraph at lines 353--356
[]\T2A/cmr/m/n/10 Подобные структуры могут быть сформированы в пространствах лю
бой
 []


Overfull \hbox (5.83713pt too wide) in paragraph at lines 353--356
\T2A/cmr/m/n/10 размерности, что позволяет использовать флюмены для моделирован
ия
 []


Overfull \hbox (28.05392pt too wide) in paragraph at lines 365--366
[]\T2A/cmr/m/n/10 Флюмены описывают "параллельные пространства", моделируя иден
тичные
 []

<./parallel.png, id=201, 501.875pt x 150.5625pt>
File: ./parallel.png Graphic file (type png)
<use ./parallel.png>
Package pdftex.def Info: ./parallel.png  used on input line 371.
(pdftex.def)             Requested size: 345.0pt x 103.50456pt.

Overfull \hbox (24.9158pt too wide) in paragraph at lines 376--379
[]\T2A/cmr/m/n/10 Наблюдатели не могут покинуть свои подпространства и взаимоде
йствовать
 []


Overfull \hbox (19.0839pt too wide) in paragraph at lines 388--396
[]\T2A/cmr/m/n/10 Описываемые пространства могут быть значительно сложнее станд
артных
 []


Overfull \hbox (22.8515pt too wide) in paragraph at lines 388--396
\T2A/cmr/m/n/10 равномерных, таких как декартовы. Например, пространство, Внутр
еннего
 []


Overfull \hbox (15.79463pt too wide) in paragraph at lines 388--396
\T2A/cmr/m/n/10 наблюдателя, состоящее из флюменов $\OML/cmm/m/it/10 f[]; f[]; 
f[]; f[]; f[]; f[]$\T2A/cmr/m/n/10 , является
 []


Overfull \hbox (4.82813pt too wide) in paragraph at lines 388--396
\T2A/cmr/m/n/10 наблюдателя. При этом домены превосходят размерность пространст
ва
 []

[9
pdfTeX warning (ext4): destination with the same identifier (name{figure.10}) h
as been already used, duplicate ignored
<argument> ...shipout:D \box_use:N \l_shipout_box 
                                                  \__shipout_drop_firstpage_...
l.396 
      
pdfTeX warning (ext4): destination with the same identifier (name{figure.11}) h
as been already used, duplicate ignored
<argument> ...shipout:D \box_use:N \l_shipout_box 
                                                  \__shipout_drop_firstpage_...
l.396 
       <./wormhole.png> <./parallel.png>]
<./domains.png, id=215, 501.875pt x 351.3125pt>
File: ./domains.png Graphic file (type png)
<use ./domains.png>
Package pdftex.def Info: ./domains.png  used on input line 399.
(pdftex.def)             Requested size: 345.0pt x 241.51065pt.

Overfull \hbox (11.72458pt too wide) in paragraph at lines 413--415
[]\T2A/cmr/m/n/10 Объяснение однонаправленности времени в многомерных пространс
твах,
 []


Overfull \hbox (31.44199pt too wide) in paragraph at lines 416--419
[]\T2A/cmr/m/n/10 Моделирование взаимосвязи множества пространств различной раз
мерности,
 []


Overfull \hbox (3.61545pt too wide) in paragraph at lines 420--424
[]\T2A/cmr/m/n/10 Введение веса флюменов, допускает его интерпретацию как откло
нение
 []


Overfull \hbox (13.19644pt too wide) in paragraph at lines 420--424
\T2A/cmr/m/n/10 от константного размера квантов, что в свою очередь позволит оп
исывать
 []


Overfull \hbox (4.64297pt too wide) in paragraph at lines 420--424
\T2A/cmr/m/n/10 зависимость кривизны пространства от "энергии" его квантов в ка
ждой
 []

[10
pdfTeX warning (ext4): destination with the same identifier (name{figure.12}) h
as been already used, duplicate ignored
<argument> ...shipout:D \box_use:N \l_shipout_box 
                                                  \__shipout_drop_firstpage_...
l.424 
       <./domains.png>]
Overfull \hbox (38.65631pt too wide) in paragraph at lines 429--433
\T2A/cmr/m/n/10 Флюмены предлагают обобщенный метод моделирования пространств с
 различными
 []


Overfull \hbox (16.29141pt too wide) in paragraph at lines 429--433
\T2A/cmr/m/n/10 размерностями, свойствами и артефактами. Через множество пар на
туральных
 []

LaTeX Font Info:    Trying to load font information for T2A+cmtt on input line 
438.
(/usr/share/texlive/texmf-dist/tex/latex/cyrillic/t2acmtt.fd
File: t2acmtt.fd 2001/08/11 v1.0a Computer Modern Cyrillic font definitions
) [11]

enddocument/afterlastpage: lastpage setting LastPage.
(./flumen_ru.aux)
 ***********
LaTeX2e <2023-11-01> patch level 1
L3 programming layer <2024-01-22>
 ***********


LaTeX Warning: There were multiply-defined labels.

Package rerunfilecheck Info: File `flumen_ru.out' has not changed.
(rerunfilecheck)             Checksum: 23BF0AC8D744319F41CF8E450556122E;4340.
 ) 
Here is how much of TeX's memory you used:
 11214 strings out of 475656
 168825 string characters out of 5787140
 1934975 words of memory out of 5000000
 32989 multiletter control sequences out of 15000+600000
 571702 words of font info for 73 fonts, out of 8000000 for 9000
 430 hyphenation exceptions out of 8191
 75i,6n,79p,513b,554s stack positions out of 10000i,1000n,20000p,200000b,200000s
 </home/still/.texlive2023/texmf-var/fonts/pk/ljfour/lh/lh-t2a/latt1000.600pk
> </home/still/.texlive2023/texmf-var/fonts/pk/ljfour/lh/lh-t2a/lati1000.600pk>
 </home/still/.texlive2023/texmf-var/fonts/pk/ljfour/jknappen/ec/tcrm1000.600pk
> </home/still/.texlive2023/texmf-var/fonts/pk/ljfour/lh/lh-t2a/labx1200.600pk>
 </home/still/.texlive2023/texmf-var/fonts/pk/ljfour/lh/lh-t2a/larm1000.600pk> 
</home/still/.texlive2023/texmf-var/fonts/pk/ljfour/lh/lh-t2a/labx1000.600pk> <
/home/still/.texlive2023/texmf-var/fonts/pk/ljfour/lh/lh-t2a/labx1440.600pk> </
home/still/.texlive2023/texmf-var/fonts/pk/ljfour/lh/lh-t2a/larm1200.600pk> </h
ome/still/.texlive2023/texmf-var/fonts/pk/ljfour/lh/lh-t2a/larm1728.600pk></usr
/share/texlive/texmf-dist/fonts/type1/public/amsfonts/cm/cmmi10.pfb></usr/share
/texlive/texmf-dist/fonts/type1/public/amsfonts/cm/cmmi7.pfb></usr/share/texliv
e/texmf-dist/fonts/type1/public/amsfonts/cm/cmr10.pfb></usr/share/texlive/texmf
-dist/fonts/type1/public/amsfonts/cm/cmsy10.pfb></usr/share/texlive/texmf-dist/
fonts/type1/public/amsfonts/symbols/msbm10.pfb>
Output written on flumen_ru.pdf (11 pages, 214480 bytes).
PDF statistics:
 623 PDF objects out of 1000 (max. 8388607)
 259 compressed objects within 3 object streams
 82 named destinations out of 1000 (max. 500000)
 213 words of extra memory for PDF output out of 10000 (max. 10000000)

